# JRE version: OpenJDK Runtime Environment (11.0.8+10) (build 11.0.8+10-b944.6842174)
# Java VM: OpenJDK 64-Bit Server VM (11.0.8+10-b944.6842174, mixed mode, tiered, compressed oops, g1 gc, windows-amd64)
Heap:
 garbage-first heap   total 262144K, used 124592K [0x00000000e0000000, 0x0000000100000000)
  region size 1024K, 90 young (92160K), 17 survivors (17408K)
 Metaspace       used 51837K, capacity 53508K, committed 53760K, reserved 301056K
  class space    used 6534K, capacity 7142K, committed 7168K, reserved 253952K
GC Heap History (14 events):
Event: 1.208 GC heap before
{Heap before GC invocations=0 (full 0):
 garbage-first heap   total 262144K, used 19456K [0x00000000e0000000, 0x0000000100000000)
  region size 1024K, 14 young (14336K), 0 survivors (0K)
 Metaspace       used 7402K, capacity 7631K, committed 7936K, reserved 262144K
  class space    used 667K, capacity 716K, committed 768K, reserved 253952K
}
Event: 1.212 GC heap after
{Heap after GC invocations=1 (full 0):
 garbage-first heap   total 262144K, used 8262K [0x00000000e0000000, 0x0000000100000000)
  region size 1024K, 2 young (2048K), 2 survivors (2048K)
 Metaspace       used 7402K, capacity 7631K, committed 7936K, reserved 262144K
  class space    used 667K, capacity 716K, committed 768K, reserved 253952K
}
Event: 3.292 GC heap before
{Heap before GC invocations=1 (full 0):
 garbage-first heap   total 262144K, used 48198K [0x00000000e0000000, 0x0000000100000000)
  region size 1024K, 42 young (43008K), 2 survivors (2048K)
 Metaspace       used 10705K, capacity 10885K, committed 11008K, reserved 264192K
  class space    used 1104K, capacity 1164K, committed 1280K, reserved 253952K
}
Event: 3.300 GC heap after
{Heap after GC invocations=2 (full 0):
 garbage-first heap   total 262144K, used 13254K [0x00000000e0000000, 0x0000000100000000)
  region size 1024K, 6 young (6144K), 6 survivors (6144K)
 Metaspace       used 10705K, capacity 10885K, committed 11008K, reserved 264192K
  class space    used 1104K, capacity 1164K, committed 1280K, reserved 253952K
}
Event: 6.560 GC heap before
{Heap before GC invocations=2 (full 0):
 garbage-first heap   total 262144K, used 54214K [0x00000000e0000000, 0x0000000100000000)
  region size 1024K, 46 young (47104K), 6 survivors (6144K)
 Metaspace       used 18746K, capacity 19172K, committed 19328K, reserved 272384K
  class space    used 2242K, capacity 2374K, committed 2432K, reserved 253952K
}
Event: 6.575 GC heap after
{Heap after GC invocations=3 (full 0):
 garbage-first heap   total 262144K, used 15986K [0x00000000e0000000, 0x0000000100000000)
  region size 1024K, 3 young (3072K), 3 survivors (3072K)
 Metaspace       used 18746K, capacity 19172K, committed 19328K, reserved 272384K
  class space    used 2242K, capacity 2374K, committed 2432K, reserved 253952K
}
Event: 8.217 GC heap before
{Heap before GC invocations=3 (full 0):
 garbage-first heap   total 262144K, used 30322K [0x00000000e0000000, 0x0000000100000000)
  region size 1024K, 18 young (18432K), 3 survivors (3072K)
 Metaspace       used 20591K, capacity 21065K, committed 21248K, reserved 272384K
  class space    used 2504K, capacity 2691K, committed 2816K, reserved 253952K
}
Event: 8.224 GC heap after
{Heap after GC invocations=4 (full 0):
 garbage-first heap   total 262144K, used 16319K [0x00000000e0000000, 0x0000000100000000)
  region size 1024K, 4 young (4096K), 4 survivors (4096K)
 Metaspace       used 20591K, capacity 21065K, committed 21248K, reserved 272384K
  class space    used 2504K, capacity 2691K, committed 2816K, reserved 253952K
}
Event: 10.611 GC heap before
{Heap before GC invocations=5 (full 0):
 garbage-first heap   total 262144K, used 64447K [0x00000000e0000000, 0x0000000100000000)
  region size 1024K, 51 young (52224K), 4 survivors (4096K)
 Metaspace       used 25784K, capacity 26444K, committed 26752K, reserved 278528K
  class space    used 3358K, capacity 3617K, committed 3712K, reserved 253952K
}
Event: 10.622 GC heap after
{Heap after GC invocations=6 (full 0):
 garbage-first heap   total 262144K, used 18569K [0x00000000e0000000, 0x0000000100000000)
  region size 1024K, 6 young (6144K), 6 survivors (6144K)
 Metaspace       used 25784K, capacity 26444K, committed 26752K, reserved 278528K
  class space    used 3358K, capacity 3617K, committed 3712K, reserved 253952K
}
Event: 25.473 GC heap before
{Heap before GC invocations=6 (full 0):
 garbage-first heap   total 262144K, used 92297K [0x00000000e0000000, 0x0000000100000000)
  region size 1024K, 71 young (72704K), 6 survivors (6144K)
 Metaspace       used 34905K, capacity 35751K, committed 35840K, reserved 286720K
  class space    used 4581K, capacity 4907K, committed 4992K, reserved 253952K
}
Event: 25.494 GC heap after
{Heap after GC invocations=7 (full 0):
 garbage-first heap   total 262144K, used 33474K [0x00000000e0000000, 0x0000000100000000)
  region size 1024K, 11 young (11264K), 11 survivors (11264K)
 Metaspace       used 34905K, capacity 35751K, committed 35840K, reserved 286720K
  class space    used 4581K, capacity 4907K, committed 4992K, reserved 253952K
}
Event: 128.213 GC heap before
{Heap before GC invocations=8 (full 0):
 garbage-first heap   total 262144K, used 170690K [0x00000000e0000000, 0x0000000100000000)
  region size 1024K, 135 young (138240K), 11 survivors (11264K)
 Metaspace       used 47687K, capacity 49047K, committed 49280K, reserved 296960K
  class space    used 5944K, capacity 6432K, committed 6528K, reserved 253952K
}
Event: 128.258 GC heap after
{Heap after GC invocations=9 (full 0):
 garbage-first heap   total 262144K, used 50864K [0x00000000e0000000, 0x0000000100000000)
  region size 1024K, 17 young (17408K), 17 survivors (17408K)
 Metaspace       used 47687K, capacity 49047K, committed 49280K, reserved 296960K
  class space    used 5944K, capacity 6432K, committed 6528K, reserved 253952K
}

