# JRE version: OpenJDK Runtime Environment (11.0.8+10) (build 11.0.8+10-b944.6842174)
# Java VM: OpenJDK 64-Bit Server VM (11.0.8+10-b944.6842174, mixed mode, tiered, compressed oops, g1 gc, windows-amd64)
Heap:
 garbage-first heap   total 262144K, used 21181K [0x00000000e0000000, 0x0000000100000000)
  region size 1024K, 8 young (8192K), 8 survivors (8192K)
 Metaspace       used 33835K, capacity 34475K, committed 34608K, reserved 305152K
  class space    used 4398K, capacity 4666K, committed 4736K, reserved 253952K
GC Heap History (12 events):
Event: 1.345 GC heap before
{Heap before GC invocations=0 (full 0):
 garbage-first heap   total 262144K, used 19456K [0x00000000e0000000, 0x0000000100000000)
  region size 1024K, 14 young (14336K), 0 survivors (0K)
 Metaspace       used 7397K, capacity 7567K, committed 7680K, reserved 262144K
  class space    used 667K, capacity 716K, committed 768K, reserved 253952K
}
Event: 1.373 GC heap after
{Heap after GC invocations=1 (full 0):
 garbage-first heap   total 262144K, used 7959K [0x00000000e0000000, 0x0000000100000000)
  region size 1024K, 2 young (2048K), 2 survivors (2048K)
 Metaspace       used 7397K, capacity 7567K, committed 7680K, reserved 262144K
  class space    used 667K, capacity 716K, committed 768K, reserved 253952K
}
Event: 2.394 GC heap before
{Heap before GC invocations=1 (full 0):
 garbage-first heap   total 262144K, used 19223K [0x00000000e0000000, 0x0000000100000000)
  region size 1024K, 13 young (13312K), 2 survivors (2048K)
 Metaspace       used 10468K, capacity 10625K, committed 10752K, reserved 264192K
  class space    used 1099K, capacity 1163K, committed 1280K, reserved 253952K
}
Event: 2.397 GC heap after
{Heap after GC invocations=2 (full 0):
 garbage-first heap   total 262144K, used 8785K [0x00000000e0000000, 0x0000000100000000)
  region size 1024K, 1 young (1024K), 1 survivors (1024K)
 Metaspace       used 10468K, capacity 10625K, committed 10752K, reserved 264192K
  class space    used 1099K, capacity 1163K, committed 1280K, reserved 253952K
}
Event: 3.417 GC heap before
{Heap before GC invocations=2 (full 0):
 garbage-first heap   total 262144K, used 37457K [0x00000000e0000000, 0x0000000100000000)
  region size 1024K, 30 young (30720K), 1 survivors (1024K)
 Metaspace       used 10707K, capacity 10885K, committed 11008K, reserved 264192K
  class space    used 1104K, capacity 1164K, committed 1280K, reserved 253952K
}
Event: 3.421 GC heap after
{Heap after GC invocations=3 (full 0):
 garbage-first heap   total 262144K, used 13365K [0x00000000e0000000, 0x0000000100000000)
  region size 1024K, 4 young (4096K), 4 survivors (4096K)
 Metaspace       used 10707K, capacity 10885K, committed 11008K, reserved 264192K
  class space    used 1104K, capacity 1164K, committed 1280K, reserved 253952K
}
Event: 6.801 GC heap before
{Heap before GC invocations=3 (full 0):
 garbage-first heap   total 262144K, used 55349K [0x00000000e0000000, 0x0000000100000000)
  region size 1024K, 45 young (46080K), 4 survivors (4096K)
 Metaspace       used 18845K, capacity 19208K, committed 19328K, reserved 272384K
  class space    used 2250K, capacity 2396K, committed 2432K, reserved 253952K
}
Event: 6.811 GC heap after
{Heap after GC invocations=4 (full 0):
 garbage-first heap   total 262144K, used 15925K [0x00000000e0000000, 0x0000000100000000)
  region size 1024K, 3 young (3072K), 3 survivors (3072K)
 Metaspace       used 18845K, capacity 19208K, committed 19328K, reserved 272384K
  class space    used 2250K, capacity 2396K, committed 2432K, reserved 253952K
}
Event: 9.773 GC heap before
{Heap before GC invocations=4 (full 0):
 garbage-first heap   total 262144K, used 32309K [0x00000000e0000000, 0x0000000100000000)
  region size 1024K, 20 young (20480K), 3 survivors (3072K)
 Metaspace       used 20686K, capacity 21152K, committed 21296K, reserved 274432K
  class space    used 2521K, capacity 2688K, committed 2688K, reserved 253952K
}
Event: 9.782 GC heap after
{Heap after GC invocations=5 (full 0):
 garbage-first heap   total 262144K, used 16529K [0x00000000e0000000, 0x0000000100000000)
  region size 1024K, 4 young (4096K), 4 survivors (4096K)
 Metaspace       used 20686K, capacity 21152K, committed 21296K, reserved 274432K
  class space    used 2521K, capacity 2688K, committed 2688K, reserved 253952K
}
Event: 12.274 GC heap before
{Heap before GC invocations=6 (full 0):
 garbage-first heap   total 262144K, used 71825K [0x00000000e0000000, 0x0000000100000000)
  region size 1024K, 58 young (59392K), 4 survivors (4096K)
 Metaspace       used 26378K, capacity 26972K, committed 27184K, reserved 278528K
  class space    used 3454K, capacity 3654K, committed 3712K, reserved 253952K
}
Event: 12.282 GC heap after
{Heap after GC invocations=7 (full 0):
 garbage-first heap   total 262144K, used 18258K [0x00000000e0000000, 0x0000000100000000)
  region size 1024K, 6 young (6144K), 6 survivors (6144K)
 Metaspace       used 26378K, capacity 26972K, committed 27184K, reserved 278528K
  class space    used 3454K, capacity 3654K, committed 3712K, reserved 253952K
}

